ISim log file
Running: X:\EC551\Final_Project\test1_isim_beh.exe -intstyle ise -gui -tclbatch isim.cmd -wdb X:/EC551/Final_Project/test1_isim_beh.wdb 
ISim P.28xd (signature 0xa0883be4)
----------------------------------------------------------------------
INFO:Security:50 - The XILINXD_LICENSE_FILE environment variable is set to '2100@XilinxLM.bu.edu'.
INFO:Security:53 - The LM_LICENSE_FILE environment variable is not set.
WARNING:Security:43 - No license file was found in the standard Xilinx license directory.
WARNING:Security:44 - Since no license file was found,
       please run the Xilinx License Configuration Manager
       (xlcm or "Manage Xilinx Licenses")
       to assist in obtaining a license.
WARNING:Security:42 - Your software subscription period has lapsed. Your current version of Xilinx tools will continue to function, but you no longer qualify for Xilinx software updates or new releases.


----------------------------------------------------------------------
This is a Full version of ISim.
WARNING: File "//ad/eng/users/p/t/ptd/EC551/Demo/processor.v" Line 62.  For instance uut/seg_display/, width 16 of formal port num_val is not equal to width 3 of actual variable reg_val_display_sel. 
Time resolution is 1 ps
# onerror resume
# wave add /
# run 1000 ns
Simulator is doing circuit initialization process.
 Block Memory Generator CORE Generator module loading initial data...
WARNING: at 0 ps: file ken_idle.mif could not be opened


1465331350153982224147467232072913762988861607380484459110551152183111192004746149403861397757651932798722481622905633130827289426003030588447311599813222194                                                                                                                                                                                                                                                                                                                                                                                                                                                                                                                                                                                                                                                                                                                                                                                                                                                                                                                                                                                                                                                                                                                                                                                                                                                                                                                                                                                                                                                                                                                                                                                                                                                                                                                                                                                                                                                                                                                                                                                                                                                                                                                                                                                                                                                                                                                                                                                                                                                                                                                           33237518779013116617057724774
Stopped at time : 0 fs : File "//ad/eng/users/p/t/ptd/EC551/Demo/vga_display.v" Line 28
ISim P.28xd (signature 0xa0883be4)
----------------------------------------------------------------------
INFO:Security:50 - The XILINXD_LICENSE_FILE environment variable is set to '2100@XilinxLM.bu.edu'.
INFO:Security:53 - The LM_LICENSE_FILE environment variable is not set.
WARNING:Security:43 - No license file was found in the standard Xilinx license directory.
WARNING:Security:44 - Since no license file was found,
       please run the Xilinx License Configuration Manager
       (xlcm or "Manage Xilinx Licenses")
       to assist in obtaining a license.
WARNING:Security:42 - Your software subscription period has lapsed. Your current version of Xilinx tools will continue to function, but you no longer qualify for Xilinx software updates or new releases.


----------------------------------------------------------------------
This is a Full version of ISim.
WARNING: File "//ad/eng/users/p/t/ptd/EC551/Demo/processor.v" Line 62.  For instance uut/seg_display/, width 16 of formal port num_val is not equal to width 3 of actual variable reg_val_display_sel. 
# run 1000 ns
Simulator is doing circuit initialization process.
 Block Memory Generator CORE Generator module loading initial data...
WARNING: at 0 ps: file ken_idle.mif could not be opened


1465331350153982224147467232072913762988861607380484459110551152183111192004746149403861397757651932798722481622905633130827289426003030588447311599813222194                                                                                                                                                                                                                                                                                                                                                                                                                                                                                                                                                                                                                                                                                                                                                                                                                                                                                                                                                                                                                                                                                                                                                                                                                                                                                                                                                                                                                                                                                                                                                                                                                                                                                                                                                                                                                                                                                                                                                                                                                                                                                                                                                                                                                                                                                                                                                                                                                                                                                                                           33237518779013116617057724774
Stopped at time : 0 fs : File "//ad/eng/users/p/t/ptd/EC551/Demo/vga_display.v" Line 28
