Release 14.2 Map P.28xd (nt64)
Xilinx Mapping Report File for Design 'processor'

Design Information
------------------
Command Line   : map -intstyle ise -p xc6slx16-csg324-3 -w -logic_opt off -ol
high -t 1 -xt 0 -register_duplication off -r 4 -global_opt off -mt off -ir off
-pr off -lc off -power off -o processor_map.ncd processor.ngd processor.pcf 
Target Device  : xc6slx16
Target Package : csg324
Target Speed   : -3
Mapper Version : spartan6 -- $Revision: 1.55 $
Mapped Date    : Wed Apr 29 18:20:20 2015

Design Summary
--------------
Number of errors:      0
Number of warnings:    0
Slice Logic Utilization:
  Number of Slice Registers:                 1,795 out of  18,224    9%
    Number used as Flip Flops:                 325
    Number used as Latches:                     54
    Number used as Latch-thrus:                  0
    Number used as AND/OR logics:            1,416
  Number of Slice LUTs:                      5,698 out of   9,112   62%
    Number used as logic:                    5,653 out of   9,112   62%
      Number using O6 output only:           2,509
      Number using O5 output only:             761
      Number using O5 and O6:                2,383
      Number used as ROM:                        0
    Number used as Memory:                       0 out of   2,176    0%
    Number used exclusively as route-thrus:     45
      Number with same-slice register load:      1
      Number with same-slice carry load:        44
      Number with other load:                    0

Slice Logic Distribution:
  Number of occupied Slices:                 1,859 out of   2,278   81%
  Nummber of MUXCYs used:                    3,776 out of   4,556   82%
  Number of LUT Flip Flop pairs used:        5,705
    Number with an unused Flip Flop:         3,934 out of   5,705   68%
    Number with an unused LUT:                   7 out of   5,705    1%
    Number of fully used LUT-FF pairs:       1,764 out of   5,705   30%
    Number of unique control sets:              27
    Number of slice register sites lost
      to control set restrictions:             101 out of  18,224    1%

  A LUT Flip Flop pair for this architecture represents one LUT paired with
  one Flip Flop within a slice.  A control set is a unique combination of
  clock, reset, set, and enable signals for a registered element.
  The Slice Logic Distribution report is not meaningful if the design is
  over-mapped for a non-slice resource or if Placement fails.

IO Utilization:
  Number of bonded IOBs:                        70 out of     232   30%
    Number of LOCed IOBs:                       67 out of      70   95%

Specific Feature Utilization:
  Number of RAMB16BWERs:                        28 out of      32   87%
  Number of RAMB8BWERs:                          0 out of      64    0%
  Number of BUFIO2/BUFIO2_2CLKs:                 0 out of      32    0%
  Number of BUFIO2FB/BUFIO2FB_2CLKs:             0 out of      32    0%
  Number of BUFG/BUFGMUXs:                       5 out of      16   31%
    Number used as BUFGs:                        5
    Number used as BUFGMUX:                      0
  Number of DCM/DCM_CLKGENs:                     0 out of       4    0%
  Number of ILOGIC2/ISERDES2s:                   0 out of     248    0%
  Number of IODELAY2/IODRP2/IODRP2_MCBs:         0 out of     248    0%
  Number of OLOGIC2/OSERDES2s:                   0 out of     248    0%
  Number of BSCANs:                              0 out of       4    0%
  Number of BUFHs:                               0 out of     128    0%
  Number of BUFPLLs:                             0 out of       8    0%
  Number of BUFPLL_MCBs:                         0 out of       4    0%
  Number of DSP48A1s:                           30 out of      32   93%
  Number of ICAPs:                               0 out of       1    0%
  Number of MCBs:                                0 out of       2    0%
  Number of PCILOGICSEs:                         0 out of       2    0%
  Number of PLL_ADVs:                            0 out of       2    0%
  Number of PMVs:                                0 out of       1    0%
  Number of STARTUPs:                            0 out of       1    0%
  Number of SUSPEND_SYNCs:                       0 out of       1    0%

Average Fanout of Non-Clock Nets:                2.74

Peak Memory Usage:  470 MB
Total REAL time to MAP completion:  1 mins 45 secs 
Total CPU time to MAP completion:   1 mins 32 secs 

Table of Contents
-----------------
Section 1 - Errors
Section 2 - Warnings
Section 3 - Informational
Section 4 - Removed Logic Summary
Section 5 - Removed Logic
Section 6 - IOB Properties
Section 7 - RPMs
Section 8 - Guide Report
Section 9 - Area Group and Partition Summary
Section 10 - Timing Report
Section 11 - Configuration String Information
Section 12 - Control Set Information
Section 13 - Utilization by Hierarchy

Section 1 - Errors
------------------

Section 2 - Warnings
--------------------
WARNING:Security:43 - No license file was found in the standard Xilinx license
directory.
WARNING:Security:44 - Since no license file was found,
WARNING:Security:42 - Your software subscription period has lapsed. Your current
version of Xilinx tools will continue to function, but you no longer qualify for
Xilinx software updates or new releases.

Section 3 - Informational
-------------------------
INFO:Security:50 - The XILINXD_LICENSE_FILE environment variable is set to
'2100@XilinxLM.bu.edu'.
INFO:Security:53 - The LM_LICENSE_FILE environment variable is not set.
INFO:Security:54 - 'xc6slx16' is a WebPack part.
INFO:LIT:243 - Logical network clk_seg has no load.
INFO:LIT:395 - The above info message is repeated 8 more times for the following
   (max. 5 shown):
   right_button_2,
   left_button_2,
   punch_button_2,
   kick_button_2,
   down_button_2
   To see the details of these info messages, please use the -detail switch.
INFO:MapLib:562 - No environment variables are currently set.
INFO:LIT:244 - All of the single ended outputs in this design are using slew
   rate limited output drivers. The delay on speed critical single ended outputs
   can be dramatically reduced by designating them as fast outputs.
INFO:Pack:1716 - Initializing temperature to 85.000 Celsius. (default - Range:
   0.000 to 85.000 Celsius)
INFO:Pack:1720 - Initializing voltage to 1.140 Volts. (default - Range: 1.140 to
   1.260 Volts)
INFO:Map:215 - The Interim Design Summary has been generated in the MAP Report
   (.mrp).
INFO:Place:834 - Only a subset of IOs are locked. Out of 70 IOs, 67 are locked
   and 3 are not locked. If you would like to print the names of these IOs,
   please set the environment variable XIL_PAR_DESIGN_CHECK_VERBOSE to 1. 
INFO:Pack:1650 - Map created a placed design.

Section 4 - Removed Logic Summary
---------------------------------
  59 block(s) removed
   6 block(s) optimized away
   1 signal(s) removed

Section 5 - Removed Logic
-------------------------

The trimmed logic report below shows the logic removed from your design due to
sourceless or loadless signals, and VCC or ground connections.  If the removal
of a signal or symbol results in the subsequent removal of an additional signal
or symbol, the message explaining that second removal will be indented.  This
indentation will be repeated as a chain of related logic is removed.

To quickly locate the original cause for the removal of a chain of logic, look
above the place where that logic is listed in the trimming report, then locate
the lines that are least indented (begin at the leftmost edge).

Loadless block "vga/Madd_GND_2_o_GND_2_o_add_1057_OUT26" (ROM) removed.
Loadless block "vga/Madd_GND_2_o_GND_2_o_add_1070_OUT26" (ROM) removed.
Loadless block "vga/Madd_GND_2_o_GND_2_o_add_1083_OUT26" (ROM) removed.
Loadless block "vga/Madd_GND_2_o_GND_2_o_add_1128_OUT26" (ROM) removed.
Loadless block "vga/Madd_GND_2_o_GND_2_o_add_1141_OUT26" (ROM) removed.
Loadless block "vga/Madd_GND_2_o_GND_2_o_add_1186_OUT26" (ROM) removed.
Loadless block "vga/Madd_GND_2_o_GND_2_o_add_1200_OUT26" (ROM) removed.
Loadless block "vga/Madd_GND_2_o_GND_2_o_add_1214_OUT26" (ROM) removed.
Loadless block "vga/Madd_GND_2_o_GND_2_o_add_1233_OUT26" (ROM) removed.
Loadless block "vga/Madd_GND_2_o_GND_2_o_add_1242_OUT26" (ROM) removed.
Loadless block "vga/Madd_GND_2_o_GND_2_o_add_1293_OUT26" (ROM) removed.
Loadless block "vga/Madd_GND_2_o_GND_2_o_add_1306_OUT26" (ROM) removed.
Loadless block "vga/Madd_GND_2_o_GND_2_o_add_1325_OUT26" (ROM) removed.
Loadless block "vga/Madd_GND_2_o_GND_2_o_add_1338_OUT26" (ROM) removed.
Loadless block "vga/Madd_GND_2_o_GND_2_o_add_1351_OUT26" (ROM) removed.
Loadless block "vga/Madd_GND_2_o_GND_2_o_add_1364_OUT26" (ROM) removed.
Loadless block "vga/Madd_GND_2_o_GND_2_o_add_1377_OUT26" (ROM) removed.
Loadless block "vga/Madd_GND_2_o_GND_2_o_add_1397_OUT26" (ROM) removed.
Loadless block "vga/Madd_GND_2_o_GND_2_o_add_1409_OUT26" (ROM) removed.
Loadless block "vga/Madd_GND_2_o_GND_2_o_add_1421_OUT26" (ROM) removed.
Loadless block "vga/Madd_GND_2_o_GND_2_o_add_1433_OUT26" (ROM) removed.
Loadless block "vga/Madd_GND_2_o_GND_2_o_add_1445_OUT26" (ROM) removed.
Loadless block "vga/Madd_GND_2_o_GND_2_o_add_1501_OUT26" (ROM) removed.
Loadless block "vga/Madd_GND_2_o_GND_2_o_add_1513_OUT26" (ROM) removed.
Loadless block "vga/Madd_GND_2_o_GND_2_o_add_806_OUT26" (ROM) removed.
Loadless block "vga/Madd_GND_2_o_GND_2_o_add_819_OUT26" (ROM) removed.
Loadless block "vga/Madd_GND_2_o_GND_2_o_add_832_OUT26" (ROM) removed.
Loadless block "vga/Madd_GND_2_o_GND_2_o_add_845_OUT26" (ROM) removed.
Loadless block "vga/Madd_GND_2_o_GND_2_o_add_858_OUT26" (ROM) removed.
Loadless block "vga/Madd_GND_2_o_GND_2_o_add_878_OUT26" (ROM) removed.
Loadless block "vga/Madd_GND_2_o_GND_2_o_add_891_OUT26" (ROM) removed.
Loadless block "vga/Madd_GND_2_o_GND_2_o_add_971_OUT26" (ROM) removed.
Loadless block "vga/Madd_n1406[26:0]26" (ROM) removed.
Loadless block "vga/Madd_n1417[26:0]26" (ROM) removed.
Loadless block "vga/Madd_n1423[26:0]26" (ROM) removed.
Loadless block "vga/Madd_n144526" (ROM) removed.
Loadless block "vga/Madd_n145426" (ROM) removed.
Loadless block "vga/Madd_n145826" (ROM) removed.
Loadless block "vga/Madd_n146526" (ROM) removed.
Loadless block "vga/Madd_n146826" (ROM) removed.
Loadless block "vga/Madd_n147026" (ROM) removed.
Loadless block "vga/Madd_n147526" (ROM) removed.
Loadless block "vga/Madd_n147726" (ROM) removed.
Loadless block "vga/Madd_n148026" (ROM) removed.
Loadless block "vga/Madd_n148426" (ROM) removed.
Loadless block "vga/Madd_n148826" (ROM) removed.
Loadless block "vga/Madd_n149226" (ROM) removed.
Loadless block "vga/Madd_n149526" (ROM) removed.
Loadless block "vga/Madd_n149726" (ROM) removed.
Loadless block "vga/Madd_n149926" (ROM) removed.
Loadless block "vga/Madd_n150126" (ROM) removed.
Loadless block "vga/Madd_n150326" (ROM) removed.
Loadless block "vga/Madd_n150526" (ROM) removed.
Loadless block "vga/Madd_n150726" (ROM) removed.
Loadless block "vga/Madd_n150926" (ROM) removed.
Loadless block "vga/Madd_n231626" (ROM) removed.
Loadless block "vga/Madd_n232526" (ROM) removed.
Loadless block "vga/Madd_n234426" (ROM) removed.
Loadless block "vga/Madd_ryu_special_addr26" (ROM) removed.
The signal "vga/logo/N0" is sourceless and has been removed.

Optimized Block(s):
TYPE 		BLOCK
GND 		XST_GND
VCC 		XST_VCC
GND 		vga/ko/XST_GND
VCC 		vga/ko/XST_VCC
GND 		vga/logo/XST_GND
VCC 		vga/logo/XST_VCC

To enable printing of redundant blocks removed and signals merged, set the
detailed map report option and rerun map.

Section 6 - IOB Properties
--------------------------

+---------------------------------------------------------------------------------------------------------------------------------------------------------+
| IOB Name                           | Type             | Direction | IO Standard          | Diff  | Drive    | Slew | Reg (s)      | Resistor | IOB      |
|                                    |                  |           |                      | Term  | Strength | Rate |              |          | Delay    |
+---------------------------------------------------------------------------------------------------------------------------------------------------------+
| B<0>                               | IOB              | OUTPUT    | LVCMOS25             |       | 12       | SLOW |              |          |          |
| B<1>                               | IOB              | OUTPUT    | LVCMOS25             |       | 12       | SLOW |              |          |          |
| G<0>                               | IOB              | OUTPUT    | LVCMOS25             |       | 12       | SLOW |              |          |          |
| G<1>                               | IOB              | OUTPUT    | LVCMOS25             |       | 12       | SLOW |              |          |          |
| G<2>                               | IOB              | OUTPUT    | LVCMOS25             |       | 12       | SLOW |              |          |          |
| HS                                 | IOB              | OUTPUT    | LVCMOS25             |       | 12       | SLOW |              |          |          |
| MemAdr<1>                          | IOB              | OUTPUT    | LVCMOS25             |       | 12       | SLOW |              |          |          |
| MemAdr<2>                          | IOB              | OUTPUT    | LVCMOS25             |       | 12       | SLOW |              |          |          |
| MemAdr<3>                          | IOB              | OUTPUT    | LVCMOS25             |       | 12       | SLOW |              |          |          |
| MemAdr<4>                          | IOB              | OUTPUT    | LVCMOS25             |       | 12       | SLOW |              |          |          |
| MemAdr<5>                          | IOB              | OUTPUT    | LVCMOS25             |       | 12       | SLOW |              |          |          |
| MemAdr<6>                          | IOB              | OUTPUT    | LVCMOS25             |       | 12       | SLOW |              |          |          |
| MemAdr<7>                          | IOB              | OUTPUT    | LVCMOS25             |       | 12       | SLOW |              |          |          |
| MemAdr<8>                          | IOB              | OUTPUT    | LVCMOS25             |       | 12       | SLOW |              |          |          |
| MemAdr<9>                          | IOB              | OUTPUT    | LVCMOS25             |       | 12       | SLOW |              |          |          |
| MemAdr<10>                         | IOB              | OUTPUT    | LVCMOS25             |       | 12       | SLOW |              |          |          |
| MemAdr<11>                         | IOB              | OUTPUT    | LVCMOS25             |       | 12       | SLOW |              |          |          |
| MemAdr<12>                         | IOB              | OUTPUT    | LVCMOS25             |       | 12       | SLOW |              |          |          |
| MemAdr<13>                         | IOB              | OUTPUT    | LVCMOS25             |       | 12       | SLOW |              |          |          |
| MemAdr<14>                         | IOB              | OUTPUT    | LVCMOS25             |       | 12       | SLOW |              |          |          |
| MemAdr<15>                         | IOB              | OUTPUT    | LVCMOS25             |       | 12       | SLOW |              |          |          |
| MemAdr<16>                         | IOB              | OUTPUT    | LVCMOS25             |       | 12       | SLOW |              |          |          |
| MemAdr<17>                         | IOB              | OUTPUT    | LVCMOS25             |       | 12       | SLOW |              |          |          |
| MemAdr<18>                         | IOB              | OUTPUT    | LVCMOS25             |       | 12       | SLOW |              |          |          |
| MemAdr<19>                         | IOB              | OUTPUT    | LVCMOS25             |       | 12       | SLOW |              |          |          |
| MemAdr<20>                         | IOB              | OUTPUT    | LVCMOS25             |       | 12       | SLOW |              |          |          |
| MemAdr<21>                         | IOB              | OUTPUT    | LVCMOS25             |       | 12       | SLOW |              |          |          |
| MemAdr<22>                         | IOB              | OUTPUT    | LVCMOS25             |       | 12       | SLOW |              |          |          |
| MemAdr<23>                         | IOB              | OUTPUT    | LVCMOS25             |       | 12       | SLOW |              |          |          |
| MemAdr<24>                         | IOB              | OUTPUT    | LVCMOS25             |       | 12       | SLOW |              |          |          |
| MemAdr<25>                         | IOB              | OUTPUT    | LVCMOS25             |       | 12       | SLOW |              |          |          |
| MemAdr<26>                         | IOB              | OUTPUT    | LVCMOS25             |       | 12       | SLOW |              |          |          |
| MemAdv                             | IOB              | OUTPUT    | LVCMOS25             |       | 12       | SLOW |              |          |          |
| MemClk                             | IOB              | OUTPUT    | LVCMOS25             |       | 12       | SLOW |              |          |          |
| MemDB<0>                           | IOB              | INPUT     | LVCMOS25             |       |          |      |              |          |          |
| MemDB<1>                           | IOB              | INPUT     | LVCMOS25             |       |          |      |              |          |          |
| MemDB<2>                           | IOB              | INPUT     | LVCMOS25             |       |          |      |              |          |          |
| MemDB<3>                           | IOB              | INPUT     | LVCMOS25             |       |          |      |              |          |          |
| MemDB<4>                           | IOB              | INPUT     | LVCMOS25             |       |          |      |              |          |          |
| MemDB<5>                           | IOB              | INPUT     | LVCMOS25             |       |          |      |              |          |          |
| MemDB<6>                           | IOB              | INPUT     | LVCMOS25             |       |          |      |              |          |          |
| MemDB<7>                           | IOB              | INPUT     | LVCMOS25             |       |          |      |              |          |          |
| MemDB<8>                           | IOB              | INPUT     | LVCMOS25             |       |          |      |              |          |          |
| MemDB<9>                           | IOB              | INPUT     | LVCMOS25             |       |          |      |              |          |          |
| MemDB<10>                          | IOB              | INPUT     | LVCMOS25             |       |          |      |              |          |          |
| MemDB<11>                          | IOB              | INPUT     | LVCMOS25             |       |          |      |              |          |          |
| MemDB<12>                          | IOB              | INPUT     | LVCMOS25             |       |          |      |              |          |          |
| MemDB<13>                          | IOB              | INPUT     | LVCMOS25             |       |          |      |              |          |          |
| MemDB<14>                          | IOB              | INPUT     | LVCMOS25             |       |          |      |              |          |          |
| MemDB<15>                          | IOB              | INPUT     | LVCMOS25             |       |          |      |              |          |          |
| MemOE                              | IOB              | OUTPUT    | LVCMOS25             |       | 12       | SLOW |              |          |          |
| MemWR                              | IOB              | OUTPUT    | LVCMOS25             |       | 12       | SLOW |              |          |          |
| MemWait                            | IOB              | INPUT     | LVCMOS25             |       |          |      |              |          |          |
| R<0>                               | IOB              | OUTPUT    | LVCMOS25             |       | 12       | SLOW |              |          |          |
| R<1>                               | IOB              | OUTPUT    | LVCMOS25             |       | 12       | SLOW |              |          |          |
| R<2>                               | IOB              | OUTPUT    | LVCMOS25             |       | 12       | SLOW |              |          |          |
| RamCRE                             | IOB              | OUTPUT    | LVCMOS25             |       | 12       | SLOW |              |          |          |
| RamCS                              | IOB              | OUTPUT    | LVCMOS25             |       | 12       | SLOW |              |          |          |
| RamLB                              | IOB              | OUTPUT    | LVCMOS25             |       | 12       | SLOW |              |          |          |
| RamUB                              | IOB              | OUTPUT    | LVCMOS25             |       | 12       | SLOW |              |          |          |
| VS                                 | IOB              | OUTPUT    | LVCMOS25             |       | 12       | SLOW |              |          |          |
| check                              | IOB              | OUTPUT    | LVCMOS25             |       | 12       | SLOW |              |          |          |
| clk                                | IOB              | INPUT     | LVCMOS33             |       |          |      |              |          |          |
| down_button                        | IOB              | INPUT     | LVCMOS25             |       |          |      |              |          |          |
| kick_button                        | IOB              | INPUT     | LVCMOS25             |       |          |      |              |          |          |
| knock_out                          | IOB              | INPUT     | LVCMOS25             |       |          |      |              |          |          |
| left_button                        | IOB              | INPUT     | LVCMOS25             |       |          |      |              |          |          |
| punch_button                       | IOB              | INPUT     | LVCMOS25             |       |          |      |              |          |          |
| right_button                       | IOB              | INPUT     | LVCMOS25             |       |          |      |              |          |          |
| up_button                          | IOB              | INPUT     | LVCMOS25             |       |          |      |              |          |          |
+---------------------------------------------------------------------------------------------------------------------------------------------------------+

Section 7 - RPMs
----------------

Section 8 - Guide Report
------------------------
Guide not run on this design.

Section 9 - Area Group and Partition Summary
--------------------------------------------

Partition Implementation Status
-------------------------------

  No Partitions were found in this design.

-------------------------------

Area Group Information
----------------------

  No area groups were found in this design.

----------------------

Section 10 - Timing Report
--------------------------
A logic-level (pre-route) timing report can be generated by using Xilinx static
timing analysis tools, Timing Analyzer (GUI) or TRCE (command line), with the
mapped NCD and PCF files. Please note that this timing report will be generated
using estimated delay information. For accurate numbers, please generate a
timing report with the post Place and Route NCD file.

For more information about the Timing Analyzer, consult the Xilinx Timing
Analyzer Reference Manual; for more information about TRCE, consult the Xilinx
Command Line Tools User Guide "TRACE" chapter.

Section 11 - Configuration String Details
-----------------------------------------
Use the "-detail" map option to print out Configuration Strings

Section 12 - Control Set Information
------------------------------------
Use the "-detail" map option to print out Control Set Information.

Section 13 - Utilization by Hierarchy
-------------------------------------
Use the "-detail" map option to print out the Utilization by Hierarchy section.
