--------------------------------------------------------------------------------
Release 14.2 Trace  (nt64)
Copyright (c) 1995-2012 Xilinx, Inc.  All rights reserved.

C:\Xilinx\14.2\ISE_DS\ISE\bin\nt64\unwrapped\trce.exe -intstyle ise -v 3 -s 3
-n 3 -fastpaths -xml processor.twx processor.ncd -o processor.twr processor.pcf

Design file:              processor.ncd
Physical constraint file: processor.pcf
Device,package,speed:     xc6slx16,csg324,C,-3 (PRODUCTION 1.22 2012-07-09)
Report level:             verbose report

Environment Variable      Effect 
--------------------      ------ 
NONE                      No environment variables were set
--------------------------------------------------------------------------------

INFO:Timing:2698 - No timing constraints found, doing default enumeration.
INFO:Timing:3412 - To improve timing, see the Timing Closure User Guide (UG612).
INFO:Timing:2752 - To get complete path coverage, use the unconstrained paths 
   option. All paths that are not constrained will be reported in the 
   unconstrained paths section(s) of the report.
INFO:Timing:3339 - The clock-to-out numbers in this timing report are based on 
   a 50 Ohm transmission line loading model.  For the details of this model, 
   and for more information on accounting for different loading conditions, 
   please see the device datasheet.



Data Sheet report:
-----------------
All values displayed in nanoseconds (ns)

Setup/Hold to clock clk
------------+------------+------------+------------+------------+------------------+--------+
            |Max Setup to|  Process   |Max Hold to |  Process   |                  | Clock  |
Source      | clk (edge) |   Corner   | clk (edge) |   Corner   |Internal Clock(s) | Phase  |
------------+------------+------------+------------+------------+------------------+--------+
down_button |    2.847(R)|      SLOW  |   -0.494(R)|      FAST  |clk_BUFGP         |   0.000|
kick_button |    1.202(R)|      SLOW  |    1.069(R)|      SLOW  |clk_BUFGP         |   0.000|
knock_out   |    1.602(R)|      SLOW  |    0.308(R)|      SLOW  |clk_BUFGP         |   0.000|
left_button |    1.468(R)|      SLOW  |    0.188(R)|      SLOW  |clk_BUFGP         |   0.000|
punch_button|    3.418(R)|      SLOW  |   -0.908(R)|      FAST  |clk_BUFGP         |   0.000|
right_button|    1.554(R)|      SLOW  |   -0.055(R)|      SLOW  |clk_BUFGP         |   0.000|
up_button   |    1.554(R)|      SLOW  |    0.385(R)|      SLOW  |clk_BUFGP         |   0.000|
------------+------------+------------+------------+------------+------------------+--------+

Clock clk to Pad
------------+-----------------+------------+-----------------+------------+------------------+--------+
            |Max (slowest) clk|  Process   |Min (fastest) clk|  Process   |                  | Clock  |
Destination |  (edge) to PAD  |   Corner   |  (edge) to PAD  |   Corner   |Internal Clock(s) | Phase  |
------------+-----------------+------------+-----------------+------------+------------------+--------+
B<0>        |        15.977(R)|      SLOW  |         6.105(R)|      FAST  |clk_BUFGP         |   0.000|
B<1>        |        16.007(R)|      SLOW  |         5.858(R)|      FAST  |clk_BUFGP         |   0.000|
G<0>        |        15.899(R)|      SLOW  |         6.040(R)|      FAST  |clk_BUFGP         |   0.000|
G<1>        |        17.258(R)|      SLOW  |         7.098(R)|      FAST  |clk_BUFGP         |   0.000|
G<2>        |        15.759(R)|      SLOW  |         6.070(R)|      FAST  |clk_BUFGP         |   0.000|
R<0>        |        15.943(R)|      SLOW  |         6.368(R)|      FAST  |clk_BUFGP         |   0.000|
R<1>        |        15.927(R)|      SLOW  |         6.167(R)|      FAST  |clk_BUFGP         |   0.000|
R<2>        |        16.102(R)|      SLOW  |         6.041(R)|      FAST  |clk_BUFGP         |   0.000|
------------+-----------------+------------+-----------------+------------+------------------+--------+

Clock to Setup on destination clock clk
---------------+---------+---------+---------+---------+
               | Src:Rise| Src:Fall| Src:Rise| Src:Fall|
Source Clock   |Dest:Rise|Dest:Rise|Dest:Fall|Dest:Fall|
---------------+---------+---------+---------+---------+
clk            |    5.166|         |         |         |
---------------+---------+---------+---------+---------+

Pad to Pad
---------------+---------------+---------+
Source Pad     |Destination Pad|  Delay  |
---------------+---------------+---------+
MemDB<0>       |B<0>           |   16.022|
MemDB<0>       |B<1>           |   16.052|
MemDB<0>       |G<0>           |   15.944|
MemDB<0>       |G<1>           |   16.228|
MemDB<0>       |G<2>           |   15.804|
MemDB<0>       |R<0>           |   15.988|
MemDB<0>       |R<1>           |   15.972|
MemDB<0>       |R<2>           |   16.147|
MemDB<0>       |check          |    9.014|
MemDB<1>       |B<0>           |   15.173|
MemDB<1>       |B<1>           |   15.203|
MemDB<1>       |G<0>           |   15.095|
MemDB<1>       |G<1>           |   15.379|
MemDB<1>       |G<2>           |   14.955|
MemDB<1>       |R<0>           |   15.139|
MemDB<1>       |R<1>           |   15.123|
MemDB<1>       |R<2>           |   15.298|
MemDB<1>       |check          |    8.353|
MemDB<2>       |B<0>           |   15.751|
MemDB<2>       |B<1>           |   15.781|
MemDB<2>       |G<0>           |   15.673|
MemDB<2>       |G<1>           |   15.957|
MemDB<2>       |G<2>           |   15.533|
MemDB<2>       |R<0>           |   15.717|
MemDB<2>       |R<1>           |   15.701|
MemDB<2>       |R<2>           |   15.876|
MemDB<2>       |check          |    8.776|
MemDB<3>       |G<1>           |   13.935|
MemDB<3>       |check          |    8.299|
MemDB<4>       |B<0>           |   15.320|
MemDB<4>       |B<1>           |   15.350|
MemDB<4>       |G<0>           |   15.242|
MemDB<4>       |G<1>           |   15.526|
MemDB<4>       |G<2>           |   15.102|
MemDB<4>       |R<0>           |   15.286|
MemDB<4>       |R<1>           |   15.270|
MemDB<4>       |R<2>           |   15.445|
MemDB<4>       |check          |    8.208|
MemDB<5>       |B<0>           |   15.838|
MemDB<5>       |B<1>           |   15.868|
MemDB<5>       |G<0>           |   15.760|
MemDB<5>       |G<1>           |   16.044|
MemDB<5>       |G<2>           |   15.620|
MemDB<5>       |R<0>           |   15.804|
MemDB<5>       |R<1>           |   15.788|
MemDB<5>       |R<2>           |   15.963|
MemDB<5>       |check          |    8.648|
MemDB<6>       |B<0>           |   15.932|
MemDB<6>       |B<1>           |   15.962|
MemDB<6>       |G<0>           |   15.854|
MemDB<6>       |G<1>           |   16.138|
MemDB<6>       |G<2>           |   15.714|
MemDB<6>       |R<0>           |   15.898|
MemDB<6>       |R<1>           |   15.882|
MemDB<6>       |R<2>           |   16.057|
MemDB<6>       |check          |    8.098|
MemDB<7>       |B<0>           |   15.672|
MemDB<7>       |B<1>           |   15.702|
MemDB<7>       |G<0>           |   15.594|
MemDB<7>       |G<1>           |   15.878|
MemDB<7>       |G<2>           |   15.454|
MemDB<7>       |R<0>           |   15.638|
MemDB<7>       |R<1>           |   15.622|
MemDB<7>       |R<2>           |   15.797|
MemDB<7>       |check          |    8.260|
MemDB<8>       |B<0>           |   15.898|
MemDB<8>       |B<1>           |   15.928|
MemDB<8>       |G<0>           |   15.820|
MemDB<8>       |G<1>           |   16.104|
MemDB<8>       |G<2>           |   15.680|
MemDB<8>       |R<0>           |   15.864|
MemDB<8>       |R<1>           |   15.848|
MemDB<8>       |R<2>           |   16.023|
MemDB<8>       |check          |    8.603|
MemDB<9>       |B<0>           |   14.881|
MemDB<9>       |B<1>           |   14.911|
MemDB<9>       |G<0>           |   14.803|
MemDB<9>       |G<1>           |   15.087|
MemDB<9>       |G<2>           |   14.663|
MemDB<9>       |R<0>           |   14.847|
MemDB<9>       |R<1>           |   14.831|
MemDB<9>       |R<2>           |   15.006|
MemDB<9>       |check          |    8.115|
MemDB<10>      |B<0>           |   15.479|
MemDB<10>      |B<1>           |   15.509|
MemDB<10>      |G<0>           |   15.401|
MemDB<10>      |G<1>           |   15.685|
MemDB<10>      |G<2>           |   15.261|
MemDB<10>      |R<0>           |   15.445|
MemDB<10>      |R<1>           |   15.429|
MemDB<10>      |R<2>           |   15.604|
MemDB<10>      |check          |    8.273|
MemDB<11>      |G<1>           |   14.542|
MemDB<11>      |check          |    8.214|
MemDB<12>      |B<0>           |   15.841|
MemDB<12>      |B<1>           |   15.871|
MemDB<12>      |G<0>           |   15.763|
MemDB<12>      |G<1>           |   16.047|
MemDB<12>      |G<2>           |   15.623|
MemDB<12>      |R<0>           |   15.807|
MemDB<12>      |R<1>           |   15.791|
MemDB<12>      |R<2>           |   15.966|
MemDB<12>      |check          |    7.804|
MemDB<13>      |B<0>           |   15.111|
MemDB<13>      |B<1>           |   15.141|
MemDB<13>      |G<0>           |   15.033|
MemDB<13>      |G<1>           |   15.317|
MemDB<13>      |G<2>           |   14.893|
MemDB<13>      |R<0>           |   15.077|
MemDB<13>      |R<1>           |   15.061|
MemDB<13>      |R<2>           |   15.236|
MemDB<13>      |check          |    7.328|
MemDB<14>      |B<0>           |   15.209|
MemDB<14>      |B<1>           |   15.239|
MemDB<14>      |G<0>           |   15.131|
MemDB<14>      |G<1>           |   15.415|
MemDB<14>      |G<2>           |   14.991|
MemDB<14>      |R<0>           |   15.175|
MemDB<14>      |R<1>           |   15.159|
MemDB<14>      |R<2>           |   15.334|
MemDB<14>      |check          |    7.289|
MemDB<15>      |B<0>           |   14.803|
MemDB<15>      |B<1>           |   14.833|
MemDB<15>      |G<0>           |   14.725|
MemDB<15>      |G<1>           |   15.009|
MemDB<15>      |G<2>           |   14.585|
MemDB<15>      |R<0>           |   14.769|
MemDB<15>      |R<1>           |   14.753|
MemDB<15>      |R<2>           |   14.928|
MemDB<15>      |check          |    6.966|
---------------+---------------+---------+


Analysis completed Wed Apr 29 18:24:35 2015 
--------------------------------------------------------------------------------

Trace Settings:
-------------------------
Trace Settings 

Peak Memory Usage: 341 MB



